2023-12-26 14:26:59,785 [Worker-1: Loading available Gradle versions] INFO  o.e.b.c.i.u.g.PublishedGradleVersions - Gradle version information cache is not available. Remote download required.
2023-12-26 21:26:45,051 [Worker-3: Loading available Gradle versions] INFO  o.e.b.c.i.u.g.PublishedGradleVersions - Gradle version information cache is up-to-date. Trying to read.
2023-12-27 14:28:55,796 [Worker-6: Loading available Gradle versions] INFO  o.e.b.c.i.u.g.PublishedGradleVersions - Gradle version information cache is out-of-date. Trying to update.
2023-12-27 19:31:01,517 [Worker-2: Loading available Gradle versions] INFO  o.e.b.c.i.u.g.PublishedGradleVersions - Gradle version information cache is up-to-date. Trying to read.
2023-12-28 00:02:25,039 [Worker-6: Loading available Gradle versions] INFO  o.e.b.c.i.u.g.PublishedGradleVersions - Gradle version information cache is up-to-date. Trying to read.
2023-12-28 00:50:48,394 [Worker-2: Loading available Gradle versions] INFO  o.e.b.c.i.u.g.PublishedGradleVersions - Gradle version information cache is up-to-date. Trying to read.
2023-12-28 00:59:33,813 [main] INFO  org.eclipse.jetty.server.Server - jetty-12.0.3; built: 2023-10-27T03:25:22.284Z; git: a873259fd5af141dedaa6c7fa8fe8fbdedce0d61; jvm 21.0.1+12-LTS-29
2023-12-28 00:59:33,898 [main] INFO  o.e.j.server.handler.ContextHandler - Started oeje8n.ContextHandler$CoreContextHandler@57d78929{/wse,/wse,b=null,a=AVAILABLE,h=oeje8n.ContextHandler$CoreContextHandler$CoreToNestedHandler@fb75c63{STARTED}}
2023-12-28 00:59:33,900 [main] INFO  o.e.j.s.DefaultSessionIdManager - Session workerName=node0
2023-12-28 00:59:33,927 [main] INFO  o.e.jetty.server.AbstractConnector - Started ServerConnector@6d65e098{HTTP/1.1, (http/1.1)}{0.0.0.0:50638}
2023-12-28 00:59:33,935 [main] INFO  org.eclipse.jetty.server.Server - Started oejs.Server@413b45bc{STARTING}[12.0.3,sto=0] @578563ms
2023-12-28 00:59:34,389 [qtp1498778431-314] INFO  o.e.j.e.nested.ContextHandler._wse - Warning: No org.apache.tomcat.JarScanner set in ServletContext. Falling back to default JarScanner implementation.
2023-12-28 00:59:34,570 [qtp1498778431-310] WARN  o.e.jetty.ee8.nested.HttpChannel - /wse/wsexplorer/wsexplorer.jsp
javax.servlet.ServletException: java.lang.NoClassDefFoundError: org/apache/el/util/JreCompat
	at org.apache.jasper.servlet.JspServlet.service(JspServlet.java:332)
	at javax.servlet.http.HttpServlet.service(HttpServlet.java:590)
	at org.eclipse.equinox.jsp.jasper.JspServlet.service(JspServlet.java:180)
	at javax.servlet.http.HttpServlet.service(HttpServlet.java:590)
	at org.eclipse.equinox.http.registry.internal.ServletManager$ServletWrapper.service(ServletManager.java:183)
	at org.eclipse.equinox.http.servlet.internal.HttpServiceRuntimeImpl$LegacyServlet.service(HttpServiceRuntimeImpl.java:1409)
	at org.eclipse.equinox.http.servlet.internal.registration.EndpointRegistration.service(EndpointRegistration.java:154)
	at org.eclipse.equinox.http.servlet.internal.servlet.ResponseStateHandler.processRequest(ResponseStateHandler.java:66)
	at org.eclipse.equinox.http.servlet.internal.context.DispatchTargets.doDispatch(DispatchTargets.java:112)
	at org.eclipse.equinox.http.servlet.internal.servlet.ProxyServlet.dispatch(ProxyServlet.java:141)
	at org.eclipse.equinox.http.servlet.internal.servlet.ProxyServlet.preprocess(ProxyServlet.java:113)
	at org.eclipse.equinox.http.servlet.internal.servlet.ProxyServlet.service(ProxyServlet.java:103)
	at javax.servlet.http.HttpServlet.service(HttpServlet.java:590)
	at org.eclipse.equinox.http.jetty.internal.HttpServerManager$InternalHttpServiceServlet.service(HttpServerManager.java:340)
	at org.eclipse.jetty.ee8.servlet.ServletHolder.handle(ServletHolder.java:640)
	at org.eclipse.jetty.ee8.servlet.ServletHandler.doHandle(ServletHandler.java:456)
	at org.eclipse.jetty.ee8.nested.ScopedHandler.nextHandle(ScopedHandler.java:181)
	at org.eclipse.jetty.ee8.nested.SessionHandler.doHandle(SessionHandler.java:394)
	at org.eclipse.jetty.ee8.nested.ScopedHandler.nextHandle(ScopedHandler.java:181)
	at org.eclipse.jetty.ee8.nested.ContextHandler.doHandle(ContextHandler.java:850)
	at org.eclipse.jetty.ee8.nested.ScopedHandler.nextScope(ScopedHandler.java:152)
	at org.eclipse.jetty.ee8.servlet.ServletHandler.doScope(ServletHandler.java:423)
	at org.eclipse.jetty.ee8.nested.ScopedHandler.nextScope(ScopedHandler.java:150)
	at org.eclipse.jetty.ee8.nested.SessionHandler.doScope(SessionHandler.java:389)
	at org.eclipse.jetty.ee8.nested.ScopedHandler.nextScope(ScopedHandler.java:150)
	at org.eclipse.jetty.ee8.nested.ContextHandler.doScope(ContextHandler.java:795)
	at org.eclipse.jetty.ee8.nested.ScopedHandler.handle(ScopedHandler.java:117)
	at org.eclipse.jetty.ee8.nested.ContextHandler.handle(ContextHandler.java:1409)
	at org.eclipse.jetty.ee8.nested.HttpChannel$RequestDispatchable.dispatch(HttpChannel.java:1355)
	at org.eclipse.jetty.ee8.nested.HttpChannel.dispatch(HttpChannel.java:680)
	at org.eclipse.jetty.ee8.nested.HttpChannel.handle(HttpChannel.java:512)
	at org.eclipse.jetty.ee8.nested.ContextHandler$CoreContextHandler$CoreToNestedHandler.handle(ContextHandler.java:2239)
	at org.eclipse.jetty.server.handler.ContextHandler.handle(ContextHandler.java:809)
	at org.eclipse.jetty.server.Server.handle(Server.java:179)
	at org.eclipse.jetty.server.internal.HttpChannelState$HandlerInvoker.run(HttpChannelState.java:649)
	at org.eclipse.jetty.server.internal.HttpConnection.onFillable(HttpConnection.java:471)
	at org.eclipse.jetty.io.AbstractConnection$ReadCallback.succeeded(AbstractConnection.java:322)
	at org.eclipse.jetty.io.FillInterest.fillable(FillInterest.java:100)
	at org.eclipse.jetty.io.SelectableChannelEndPoint$1.run(SelectableChannelEndPoint.java:53)
	at org.eclipse.jetty.util.thread.strategy.AdaptiveExecutionStrategy.runTask(AdaptiveExecutionStrategy.java:478)
	at org.eclipse.jetty.util.thread.strategy.AdaptiveExecutionStrategy.consumeTask(AdaptiveExecutionStrategy.java:441)
	at org.eclipse.jetty.util.thread.strategy.AdaptiveExecutionStrategy.tryProduce(AdaptiveExecutionStrategy.java:293)
	at org.eclipse.jetty.util.thread.strategy.AdaptiveExecutionStrategy.produce(AdaptiveExecutionStrategy.java:195)
	at org.eclipse.jetty.util.thread.QueuedThreadPool.runJob(QueuedThreadPool.java:971)
	at org.eclipse.jetty.util.thread.QueuedThreadPool$Runner.doRunJob(QueuedThreadPool.java:1196)
	at org.eclipse.jetty.util.thread.QueuedThreadPool$Runner.run(QueuedThreadPool.java:1151)
	at java.base/java.lang.Thread.run(Thread.java:1583)
Caused by: java.lang.NoClassDefFoundError: org/apache/el/util/JreCompat
	at org.apache.jasper.compiler.Generator$GenerateVisitor.visit(Generator.java:1366)
	at org.apache.jasper.compiler.Node$UseBean.accept(Node.java:1187)
	at org.apache.jasper.compiler.Node$Nodes.visit(Node.java:2385)
	at org.apache.jasper.compiler.Node$Visitor.visitBody(Node.java:2437)
	at org.apache.jasper.compiler.Node$Visitor.visit(Node.java:2443)
	at org.apache.jasper.compiler.Node$Root.accept(Node.java:471)
	at org.apache.jasper.compiler.Node$Nodes.visit(Node.java:2385)
	at org.apache.jasper.compiler.Generator.generate(Generator.java:3616)
	at org.apache.jasper.compiler.Compiler.generateJava(Compiler.java:257)
	at org.apache.jasper.compiler.Compiler.compile(Compiler.java:391)
	at org.apache.jasper.compiler.Compiler.compile(Compiler.java:367)
	at org.apache.jasper.compiler.Compiler.compile(Compiler.java:351)
	at org.apache.jasper.JspCompilationContext.compile(JspCompilationContext.java:605)
	at org.apache.jasper.servlet.JspServletWrapper.service(JspServletWrapper.java:399)
	at org.apache.jasper.servlet.JspServlet.serviceJspFile(JspServlet.java:379)
	at org.apache.jasper.servlet.JspServlet.service(JspServlet.java:327)
	... 46 common frames omitted
Caused by: java.lang.ClassNotFoundException: org.apache.el.util.JreCompat cannot be found by org.mortbay.jasper.apache-jsp_9.0.52
	at org.eclipse.osgi.internal.loader.BundleLoader.generateException(BundleLoader.java:541)
	at org.eclipse.osgi.internal.loader.BundleLoader.findClass0(BundleLoader.java:536)
	at org.eclipse.osgi.internal.loader.BundleLoader.findClass(BundleLoader.java:416)
	at org.eclipse.osgi.internal.loader.ModuleClassLoader.loadClass(ModuleClassLoader.java:168)
	at java.base/java.lang.ClassLoader.loadClass(ClassLoader.java:526)
	... 62 common frames omitted
2023-12-28 01:36:53,916 [Framework stop - Equinox Container: 0b2c8526-fdcb-415c-84d7-ac9d9bf16526] INFO  org.eclipse.jetty.server.Server - Stopped oejs.Server@413b45bc{STOPPING}[12.0.3,sto=0]
2023-12-28 01:36:53,923 [Framework stop - Equinox Container: 0b2c8526-fdcb-415c-84d7-ac9d9bf16526] INFO  o.e.jetty.server.AbstractConnector - Stopped ServerConnector@6d65e098{HTTP/1.1, (http/1.1)}{0.0.0.0:0}
2023-12-28 01:39:19,284 [Worker-15: Loading available Gradle versions] INFO  o.e.b.c.i.u.g.PublishedGradleVersions - Gradle version information cache is up-to-date. Trying to read.
2023-12-28 02:04:05,928 [Worker-4: Loading available Gradle versions] INFO  o.e.b.c.i.u.g.PublishedGradleVersions - Gradle version information cache is up-to-date. Trying to read.
2023-12-28 10:10:12,659 [Worker-2: Loading available Gradle versions] INFO  o.e.b.c.i.u.g.PublishedGradleVersions - Gradle version information cache is up-to-date. Trying to read.
2023-12-28 10:23:54,377 [Worker-1: Loading available Gradle versions] INFO  o.e.b.c.i.u.g.PublishedGradleVersions - Gradle version information cache is up-to-date. Trying to read.
